2013/05/21 14:34:31 INFO  - jmeter.util.JMeterUtils: Setting Locale to ja_JP 
2013/05/21 14:34:31 INFO  - jmeter.util.JMeterUtils: Could not find resources for 'ja_JP', using 'ja' 
2013/05/21 14:34:31 INFO  - jmeter.JMeter: Loading user properties from: /opt/jmeter/bin/user.properties 
2013/05/21 14:34:31 INFO  - jmeter.JMeter: Loading system properties from: /opt/jmeter/bin/system.properties 
2013/05/21 14:34:31 INFO  - jmeter.JMeter: Copyright (c) 1998-2013 The Apache Software Foundation 
2013/05/21 14:34:31 INFO  - jmeter.JMeter: Version 2.9 r1437961 
2013/05/21 14:34:31 INFO  - jmeter.JMeter: java.version=1.7.0_21 
2013/05/21 14:34:31 INFO  - jmeter.JMeter: java.vm.name=OpenJDK 64-Bit Server VM 
2013/05/21 14:34:31 INFO  - jmeter.JMeter: os.name=Linux 
2013/05/21 14:34:31 INFO  - jmeter.JMeter: os.arch=amd64 
2013/05/21 14:34:31 INFO  - jmeter.JMeter: os.version=3.8.11-1-ARCH 
2013/05/21 14:34:31 INFO  - jmeter.JMeter: file.encoding=UTF-8 
2013/05/21 14:34:31 INFO  - jmeter.JMeter: Default Locale=日本語 (日本) 
2013/05/21 14:34:31 INFO  - jmeter.JMeter: JMeter  Locale=日本語 (日本) 
2013/05/21 14:34:31 INFO  - jmeter.JMeter: JMeterHome=/opt/jmeter 
2013/05/21 14:34:31 INFO  - jmeter.JMeter: user.dir  =/home/raa0121/dice-lingrbot 
2013/05/21 14:34:31 INFO  - jmeter.JMeter: PWD       =/home/raa0121/dice-lingrbot 
2013/05/21 14:34:31 INFO  - jmeter.JMeter: IP: 127.0.0.1 Name: nakako FullName: nakako.raa0121.info 
2013/05/21 14:34:31 INFO  - jmeter.JMeter: Loaded icon properties from org/apache/jmeter/images/icon.properties 
2013/05/21 14:34:33 INFO  - jmeter.engine.util.CompoundVariable: Note: Function class names must contain the string: '.functions.' 
2013/05/21 14:34:33 INFO  - jmeter.engine.util.CompoundVariable: Note: Function class names must not contain the string: '.gui.' 
2013/05/21 14:34:34 INFO  - jmeter.gui.action.LookAndFeelCommand: Using look and feel: javax.swing.plaf.metal.MetalLookAndFeel [Metal, CrossPlatform, System] 
2013/05/21 14:34:36 INFO  - jmeter.util.BSFTestElement: Registering JMeter version of JavaScript engine as work-round for BSF-22 
2013/05/21 14:34:38 INFO  - jmeter.protocol.http.sampler.HTTPSamplerBase: Cannot find .className property for htmlParser, using default 
2013/05/21 14:34:38 INFO  - jmeter.protocol.http.sampler.HTTPSamplerBase: Parser for text/html is  
2013/05/21 14:34:38 INFO  - jmeter.protocol.http.sampler.HTTPSamplerBase: Parser for application/xhtml+xml is  
2013/05/21 14:34:38 INFO  - jmeter.protocol.http.sampler.HTTPSamplerBase: Parser for application/xml is  
2013/05/21 14:34:38 INFO  - jmeter.protocol.http.sampler.HTTPSamplerBase: Parser for text/xml is  
2013/05/21 14:34:38 INFO  - jmeter.protocol.http.sampler.HTTPSamplerBase: Parser for text/vnd.wap.wml is org.apache.jmeter.protocol.http.parser.RegexpHTMLParser 
2013/05/21 14:34:38 INFO  - jmeter.protocol.http.sampler.HTTPSamplerBase: Reuse SSL session context on subsequent iterations: true 
2013/05/21 14:34:41 INFO  - jmeter.samplers.SampleResult: Note: Sample TimeStamps are START times 
2013/05/21 14:34:41 INFO  - jmeter.samplers.SampleResult: sampleresult.default.encoding is set to ISO-8859-1 
2013/05/21 14:34:41 INFO  - jmeter.samplers.SampleResult: sampleresult.useNanoTime=true 
2013/05/21 14:34:41 INFO  - jmeter.samplers.SampleResult: sampleresult.nanoThreadSleep=5000 
2013/05/21 14:39:09 INFO  - jmeter.services.FileServer: Default base='/home/raa0121/dice-lingrbot' 
2013/05/21 14:39:09 INFO  - jmeter.services.FileServer: Set new base='/home/raa0121/jmeter' 
2013/05/21 14:39:10 INFO  - jmeter.save.SaveService: Testplan (JMX) version: 2.2. Testlog (JTL) version: 2.2 
2013/05/21 14:39:10 INFO  - jmeter.save.SaveService: Using SaveService properties file encoding UTF-8 
2013/05/21 14:39:10 INFO  - jmeter.save.SaveService: Using SaveService properties file version 1427507 
2013/05/21 14:39:10 INFO  - jmeter.save.SaveService: Using SaveService properties version 2.4 
2013/05/21 14:39:10 INFO  - jmeter.save.SaveService: All converter versions present and correct 
2013/05/21 14:39:17 INFO  - jmeter.engine.StandardJMeterEngine: Listeners will be started after enabling running version 
2013/05/21 14:39:17 INFO  - jmeter.engine.StandardJMeterEngine: To revert to the earlier behaviour, define jmeterengine.startlistenerslater=false 
2013/05/21 14:39:17 INFO  - jmeter.engine.StandardJMeterEngine: Running the test! 
2013/05/21 14:39:17 INFO  - jmeter.gui.util.JMeterMenuBar: setRunning(true,*local*) 
2013/05/21 14:39:17 INFO  - jmeter.engine.StandardJMeterEngine: Starting ThreadGroup: 1 : スレッドグループ 
2013/05/21 14:39:17 INFO  - jmeter.engine.StandardJMeterEngine: Starting 50 threads for group スレッドグループ. 
2013/05/21 14:39:17 INFO  - jmeter.engine.StandardJMeterEngine: Thread will continue on error 
2013/05/21 14:39:17 INFO  - jmeter.threads.ThreadGroup: Starting thread group number 1 threads 50 ramp-up 10 perThread 200.0 delayedStart=false 
2013/05/21 14:39:17 INFO  - jmeter.threads.JMeterThread: jmeterthread.startearlier=true (see jmeter.properties) 
2013/05/21 14:39:17 INFO  - jmeter.threads.JMeterThread: Running PostProcessors in forward order 
2013/05/21 14:39:17 INFO  - jmeter.threads.JMeterThread: Thread started: スレッドグループ 1-1 
2013/05/21 14:39:17 INFO  - jmeter.protocol.http.sampler.HTTPHCAbstractImpl: Local host = nakako 
2013/05/21 14:39:17 INFO  - jmeter.protocol.http.sampler.HTTPHC4Impl: HTTP request retry count = 1 
2013/05/21 14:39:17 INFO  - jmeter.threads.ThreadGroup: Started thread group number 1 
2013/05/21 14:39:17 INFO  - jmeter.engine.StandardJMeterEngine: All thread groups have been started 
2013/05/21 14:39:17 INFO  - jmeter.threads.JMeterThread: Thread started: スレッドグループ 1-2 
2013/05/21 14:39:17 INFO  - jmeter.threads.JMeterThread: Thread started: スレッドグループ 1-3 
2013/05/21 14:39:18 INFO  - jmeter.threads.JMeterThread: Thread started: スレッドグループ 1-4 
2013/05/21 14:39:18 INFO  - jmeter.threads.JMeterThread: Thread started: スレッドグループ 1-5 
2013/05/21 14:39:18 INFO  - jmeter.threads.JMeterThread: Thread started: スレッドグループ 1-6 
2013/05/21 14:39:18 INFO  - jmeter.threads.JMeterThread: Thread started: スレッドグループ 1-7 
2013/05/21 14:39:18 INFO  - jmeter.threads.JMeterThread: Thread started: スレッドグループ 1-8 
2013/05/21 14:39:18 INFO  - jmeter.protocol.http.sampler.HTTPHC4Impl: Setting up HTTPS TrustAll scheme 
2013/05/21 14:39:18 INFO  - jmeter.util.JsseSSLManager: Using default SSL protocol: TLS 
2013/05/21 14:39:18 INFO  - jmeter.util.JsseSSLManager: SSL session context: per-thread 
2013/05/21 14:39:19 INFO  - jmeter.threads.JMeterThread: Thread started: スレッドグループ 1-9 
2013/05/21 14:39:19 INFO  - jmeter.threads.JMeterThread: Thread started: スレッドグループ 1-10 
2013/05/21 14:39:19 INFO  - jmeter.threads.JMeterThread: Thread started: スレッドグループ 1-11 
2013/05/21 14:39:19 INFO  - jmeter.threads.JMeterThread: Thread started: スレッドグループ 1-13 
2013/05/21 14:39:19 INFO  - jmeter.threads.JMeterThread: Thread started: スレッドグループ 1-12 
2013/05/21 14:39:20 INFO  - jmeter.threads.JMeterThread: Thread started: スレッドグループ 1-14 
2013/05/21 14:39:20 INFO  - jmeter.threads.JMeterThread: Thread started: スレッドグループ 1-15 
2013/05/21 14:39:20 INFO  - jmeter.threads.JMeterThread: Thread started: スレッドグループ 1-16 
2013/05/21 14:39:20 INFO  - jmeter.threads.JMeterThread: Thread started: スレッドグループ 1-17 
2013/05/21 14:39:20 INFO  - jmeter.threads.JMeterThread: Thread started: スレッドグループ 1-18 
2013/05/21 14:39:21 INFO  - jmeter.threads.JMeterThread: Thread started: スレッドグループ 1-19 
2013/05/21 14:39:21 INFO  - jmeter.threads.JMeterThread: Thread started: スレッドグループ 1-20 
2013/05/21 14:39:21 INFO  - jmeter.threads.JMeterThread: Thread started: スレッドグループ 1-21 
2013/05/21 14:39:21 INFO  - jmeter.threads.JMeterThread: Thread started: スレッドグループ 1-22 
2013/05/21 14:39:21 INFO  - jmeter.threads.JMeterThread: Thread started: スレッドグループ 1-23 
2013/05/21 14:39:22 INFO  - jmeter.threads.JMeterThread: Thread started: スレッドグループ 1-24 
2013/05/21 14:39:22 INFO  - jmeter.threads.JMeterThread: Thread started: スレッドグループ 1-25 
2013/05/21 14:39:22 INFO  - jmeter.threads.JMeterThread: Thread started: スレッドグループ 1-26 
2013/05/21 14:39:22 INFO  - jmeter.threads.JMeterThread: Thread started: スレッドグループ 1-27 
2013/05/21 14:39:22 INFO  - jmeter.threads.JMeterThread: Thread started: スレッドグループ 1-28 
2013/05/21 14:39:23 INFO  - jmeter.threads.JMeterThread: Thread started: スレッドグループ 1-29 
2013/05/21 14:39:23 INFO  - jmeter.threads.JMeterThread: Thread started: スレッドグループ 1-30 
2013/05/21 14:39:23 INFO  - jmeter.threads.JMeterThread: Thread started: スレッドグループ 1-31 
2013/05/21 14:39:23 INFO  - jmeter.threads.JMeterThread: Thread started: スレッドグループ 1-32 
2013/05/21 14:39:23 INFO  - jmeter.threads.JMeterThread: Thread finished: スレッドグループ 1-5 
2013/05/21 14:39:23 INFO  - jmeter.threads.JMeterThread: Thread finished: スレッドグループ 1-18 
2013/05/21 14:39:24 INFO  - jmeter.threads.JMeterThread: Thread started: スレッドグループ 1-33 
2013/05/21 14:39:24 INFO  - jmeter.threads.JMeterThread: Thread finished: スレッドグループ 1-16 
2013/05/21 14:39:24 INFO  - jmeter.threads.JMeterThread: Thread finished: スレッドグループ 1-14 
2013/05/21 14:39:24 INFO  - jmeter.threads.JMeterThread: Thread finished: スレッドグループ 1-17 
2013/05/21 14:39:24 INFO  - jmeter.threads.JMeterThread: Thread finished: スレッドグループ 1-6 
2013/05/21 14:39:24 INFO  - jmeter.threads.JMeterThread: Thread finished: スレッドグループ 1-7 
2013/05/21 14:39:24 INFO  - jmeter.threads.JMeterThread: Thread started: スレッドグループ 1-34 
2013/05/21 14:39:24 INFO  - jmeter.threads.JMeterThread: Thread finished: スレッドグループ 1-2 
2013/05/21 14:39:24 INFO  - jmeter.threads.JMeterThread: Thread finished: スレッドグループ 1-12 
2013/05/21 14:39:24 INFO  - jmeter.threads.JMeterThread: Thread finished: スレッドグループ 1-8 
2013/05/21 14:39:24 INFO  - jmeter.threads.JMeterThread: Thread started: スレッドグループ 1-35 
2013/05/21 14:39:24 INFO  - jmeter.threads.JMeterThread: Thread started: スレッドグループ 1-36 
2013/05/21 14:39:24 INFO  - jmeter.threads.JMeterThread: Thread finished: スレッドグループ 1-13 
2013/05/21 14:39:24 INFO  - jmeter.threads.JMeterThread: Thread started: スレッドグループ 1-37 
2013/05/21 14:39:24 INFO  - jmeter.threads.JMeterThread: Thread finished: スレッドグループ 1-1 
2013/05/21 14:39:25 INFO  - jmeter.threads.JMeterThread: Thread finished: スレッドグループ 1-10 
2013/05/21 14:39:25 INFO  - jmeter.threads.JMeterThread: Thread started: スレッドグループ 1-38 
2013/05/21 14:39:25 INFO  - jmeter.threads.JMeterThread: Thread finished: スレッドグループ 1-19 
2013/05/21 14:39:25 INFO  - jmeter.threads.JMeterThread: Thread finished: スレッドグループ 1-4 
2013/05/21 14:39:25 INFO  - jmeter.threads.JMeterThread: Thread finished: スレッドグループ 1-3 
2013/05/21 14:39:25 INFO  - jmeter.threads.JMeterThread: Thread started: スレッドグループ 1-39 
2013/05/21 14:39:25 INFO  - jmeter.threads.JMeterThread: Thread finished: スレッドグループ 1-11 
2013/05/21 14:39:25 INFO  - jmeter.threads.JMeterThread: Thread finished: スレッドグループ 1-15 
2013/05/21 14:39:25 INFO  - jmeter.threads.JMeterThread: Thread started: スレッドグループ 1-40 
2013/05/21 14:39:25 INFO  - jmeter.threads.JMeterThread: Thread started: スレッドグループ 1-41 
2013/05/21 14:39:25 INFO  - jmeter.threads.JMeterThread: Thread finished: スレッドグループ 1-9 
2013/05/21 14:39:25 INFO  - jmeter.threads.JMeterThread: Thread finished: スレッドグループ 1-20 
2013/05/21 14:39:25 INFO  - jmeter.threads.JMeterThread: Thread started: スレッドグループ 1-42 
2013/05/21 14:39:26 INFO  - jmeter.threads.JMeterThread: Thread started: スレッドグループ 1-43 
2013/05/21 14:39:26 INFO  - jmeter.threads.JMeterThread: Thread finished: スレッドグループ 1-21 
2013/05/21 14:39:26 INFO  - jmeter.threads.JMeterThread: Thread finished: スレッドグループ 1-27 
2013/05/21 14:39:26 INFO  - jmeter.threads.JMeterThread: Thread started: スレッドグループ 1-44 
2013/05/21 14:39:26 INFO  - jmeter.threads.JMeterThread: Thread finished: スレッドグループ 1-22 
2013/05/21 14:39:26 INFO  - jmeter.threads.JMeterThread: Thread started: スレッドグループ 1-45 
2013/05/21 14:39:26 INFO  - jmeter.threads.JMeterThread: Thread finished: スレッドグループ 1-26 
2013/05/21 14:39:26 INFO  - jmeter.threads.JMeterThread: Thread finished: スレッドグループ 1-23 
2013/05/21 14:39:26 INFO  - jmeter.threads.JMeterThread: Thread started: スレッドグループ 1-46 
2013/05/21 14:39:26 INFO  - jmeter.threads.JMeterThread: Thread finished: スレッドグループ 1-25 
2013/05/21 14:39:26 INFO  - jmeter.threads.JMeterThread: Thread finished: スレッドグループ 1-24 
2013/05/21 14:39:26 INFO  - jmeter.threads.JMeterThread: Thread started: スレッドグループ 1-47 
2013/05/21 14:39:27 INFO  - jmeter.threads.JMeterThread: Thread started: スレッドグループ 1-48 
2013/05/21 14:39:27 INFO  - jmeter.threads.JMeterThread: Thread finished: スレッドグループ 1-30 
2013/05/21 14:39:27 INFO  - jmeter.threads.JMeterThread: Thread finished: スレッドグループ 1-28 
2013/05/21 14:39:27 INFO  - jmeter.threads.JMeterThread: Thread started: スレッドグループ 1-49 
2013/05/21 14:39:27 INFO  - jmeter.threads.JMeterThread: Thread finished: スレッドグループ 1-32 
2013/05/21 14:39:27 INFO  - jmeter.threads.JMeterThread: Thread finished: スレッドグループ 1-31 
2013/05/21 14:39:27 INFO  - jmeter.threads.JMeterThread: Thread started: スレッドグループ 1-50 
2013/05/21 14:39:27 INFO  - jmeter.threads.JMeterThread: Thread finished: スレッドグループ 1-29 
2013/05/21 14:39:27 INFO  - jmeter.threads.JMeterThread: Thread finished: スレッドグループ 1-37 
2013/05/21 14:39:27 INFO  - jmeter.threads.JMeterThread: Thread finished: スレッドグループ 1-39 
2013/05/21 14:39:27 INFO  - jmeter.threads.JMeterThread: Thread finished: スレッドグループ 1-36 
2013/05/21 14:39:27 INFO  - jmeter.threads.JMeterThread: Thread finished: スレッドグループ 1-38 
2013/05/21 14:39:27 INFO  - jmeter.threads.JMeterThread: Thread finished: スレッドグループ 1-40 
2013/05/21 14:39:27 INFO  - jmeter.threads.JMeterThread: Thread finished: スレッドグループ 1-35 
2013/05/21 14:39:27 INFO  - jmeter.threads.JMeterThread: Thread finished: スレッドグループ 1-33 
2013/05/21 14:39:28 INFO  - jmeter.threads.JMeterThread: Thread finished: スレッドグループ 1-34 
2013/05/21 14:39:28 INFO  - jmeter.threads.JMeterThread: Thread finished: スレッドグループ 1-41 
2013/05/21 14:39:28 INFO  - jmeter.threads.JMeterThread: Thread finished: スレッドグループ 1-42 
2013/05/21 14:39:28 INFO  - jmeter.threads.JMeterThread: Thread finished: スレッドグループ 1-43 
2013/05/21 14:39:28 INFO  - jmeter.threads.JMeterThread: Thread finished: スレッドグループ 1-44 
2013/05/21 14:39:28 INFO  - jmeter.threads.JMeterThread: Thread finished: スレッドグループ 1-46 
2013/05/21 14:39:28 INFO  - jmeter.threads.JMeterThread: Thread finished: スレッドグループ 1-45 
2013/05/21 14:39:28 INFO  - jmeter.threads.JMeterThread: Thread finished: スレッドグループ 1-47 
2013/05/21 14:39:28 INFO  - jmeter.threads.JMeterThread: Thread finished: スレッドグループ 1-49 
2013/05/21 14:39:28 INFO  - jmeter.threads.JMeterThread: Thread finished: スレッドグループ 1-48 
2013/05/21 14:39:28 INFO  - jmeter.threads.JMeterThread: Thread finished: スレッドグループ 1-50 
2013/05/21 14:39:28 INFO  - jmeter.engine.StandardJMeterEngine: Notifying test listeners of end of test 
2013/05/21 14:39:28 INFO  - jmeter.gui.util.JMeterMenuBar: setRunning(false,*local*) 
2013/05/21 14:45:20 INFO  - jmeter.engine.StandardJMeterEngine: Running the test! 
2013/05/21 14:45:20 INFO  - jmeter.gui.util.JMeterMenuBar: setRunning(true,*local*) 
2013/05/21 14:45:20 INFO  - jmeter.engine.StandardJMeterEngine: Starting ThreadGroup: 1 : スレッドグループ 
2013/05/21 14:45:20 INFO  - jmeter.engine.StandardJMeterEngine: Starting 50 threads for group スレッドグループ. 
2013/05/21 14:45:20 INFO  - jmeter.engine.StandardJMeterEngine: Thread will continue on error 
2013/05/21 14:45:20 INFO  - jmeter.threads.ThreadGroup: Starting thread group number 1 threads 50 ramp-up 10 perThread 200.0 delayedStart=false 
2013/05/21 14:45:20 INFO  - jmeter.threads.JMeterThread: Thread started: スレッドグループ 1-1 
2013/05/21 14:45:20 INFO  - jmeter.threads.ThreadGroup: Started thread group number 1 
2013/05/21 14:45:20 INFO  - jmeter.engine.StandardJMeterEngine: All thread groups have been started 
2013/05/21 14:45:20 INFO  - jmeter.threads.JMeterThread: Thread started: スレッドグループ 1-3 
2013/05/21 14:45:20 INFO  - jmeter.threads.JMeterThread: Thread started: スレッドグループ 1-2 
2013/05/21 14:45:20 INFO  - jmeter.threads.JMeterThread: Thread finished: スレッドグループ 1-1 
2013/05/21 14:45:20 INFO  - jmeter.threads.JMeterThread: Thread started: スレッドグループ 1-4 
2013/05/21 14:45:20 INFO  - jmeter.threads.JMeterThread: Thread finished: スレッドグループ 1-3 
2013/05/21 14:45:21 INFO  - jmeter.threads.JMeterThread: Thread finished: スレッドグループ 1-2 
2013/05/21 14:45:21 INFO  - jmeter.threads.JMeterThread: Thread finished: スレッドグループ 1-4 
2013/05/21 14:45:21 INFO  - jmeter.threads.JMeterThread: Thread started: スレッドグループ 1-5 
2013/05/21 14:45:21 INFO  - jmeter.threads.JMeterThread: Thread finished: スレッドグループ 1-5 
2013/05/21 14:45:21 INFO  - jmeter.threads.JMeterThread: Thread started: スレッドグループ 1-6 
2013/05/21 14:45:21 INFO  - jmeter.threads.JMeterThread: Thread finished: スレッドグループ 1-6 
2013/05/21 14:45:21 INFO  - jmeter.threads.JMeterThread: Thread started: スレッドグループ 1-7 
2013/05/21 14:45:21 INFO  - jmeter.threads.JMeterThread: Thread finished: スレッドグループ 1-7 
2013/05/21 14:45:21 INFO  - jmeter.threads.JMeterThread: Thread started: スレッドグループ 1-8 
2013/05/21 14:45:21 INFO  - jmeter.threads.JMeterThread: Thread finished: スレッドグループ 1-8 
2013/05/21 14:45:21 INFO  - jmeter.threads.JMeterThread: Thread started: スレッドグループ 1-9 
2013/05/21 14:45:22 INFO  - jmeter.threads.JMeterThread: Thread finished: スレッドグループ 1-9 
2013/05/21 14:45:22 INFO  - jmeter.threads.JMeterThread: Thread started: スレッドグループ 1-10 
2013/05/21 14:45:22 INFO  - jmeter.threads.JMeterThread: Thread finished: スレッドグループ 1-10 
2013/05/21 14:45:22 INFO  - jmeter.threads.JMeterThread: Thread started: スレッドグループ 1-11 
2013/05/21 14:45:22 INFO  - jmeter.threads.JMeterThread: Thread finished: スレッドグループ 1-11 
2013/05/21 14:45:22 INFO  - jmeter.threads.JMeterThread: Thread started: スレッドグループ 1-12 
2013/05/21 14:45:22 INFO  - jmeter.threads.JMeterThread: Thread finished: スレッドグループ 1-12 
2013/05/21 14:45:22 INFO  - jmeter.threads.JMeterThread: Thread started: スレッドグループ 1-13 
2013/05/21 14:45:22 INFO  - jmeter.threads.JMeterThread: Thread finished: スレッドグループ 1-13 
2013/05/21 14:45:22 INFO  - jmeter.threads.JMeterThread: Thread started: スレッドグループ 1-14 
2013/05/21 14:45:23 INFO  - jmeter.threads.JMeterThread: Thread finished: スレッドグループ 1-14 
2013/05/21 14:45:23 INFO  - jmeter.threads.JMeterThread: Thread started: スレッドグループ 1-15 
2013/05/21 14:45:23 INFO  - jmeter.threads.JMeterThread: Thread finished: スレッドグループ 1-15 
2013/05/21 14:45:23 INFO  - jmeter.threads.JMeterThread: Thread started: スレッドグループ 1-16 
2013/05/21 14:45:23 INFO  - jmeter.threads.JMeterThread: Thread finished: スレッドグループ 1-16 
2013/05/21 14:45:23 INFO  - jmeter.threads.JMeterThread: Thread started: スレッドグループ 1-17 
2013/05/21 14:45:23 INFO  - jmeter.threads.JMeterThread: Thread started: スレッドグループ 1-18 
2013/05/21 14:45:23 INFO  - jmeter.threads.JMeterThread: Thread finished: スレッドグループ 1-17 
2013/05/21 14:45:23 INFO  - jmeter.threads.JMeterThread: Thread finished: スレッドグループ 1-18 
2013/05/21 14:45:24 INFO  - jmeter.threads.JMeterThread: Thread started: スレッドグループ 1-19 
2013/05/21 14:45:24 INFO  - jmeter.threads.JMeterThread: Thread finished: スレッドグループ 1-19 
2013/05/21 14:45:24 INFO  - jmeter.threads.JMeterThread: Thread started: スレッドグループ 1-20 
2013/05/21 14:45:24 INFO  - jmeter.threads.JMeterThread: Thread finished: スレッドグループ 1-20 
2013/05/21 14:45:24 INFO  - jmeter.threads.JMeterThread: Thread started: スレッドグループ 1-21 
2013/05/21 14:45:24 INFO  - jmeter.threads.JMeterThread: Thread finished: スレッドグループ 1-21 
2013/05/21 14:45:24 INFO  - jmeter.threads.JMeterThread: Thread started: スレッドグループ 1-22 
2013/05/21 14:45:24 INFO  - jmeter.threads.JMeterThread: Thread finished: スレッドグループ 1-22 
2013/05/21 14:45:24 INFO  - jmeter.threads.JMeterThread: Thread started: スレッドグループ 1-23 
2013/05/21 14:45:25 INFO  - jmeter.threads.JMeterThread: Thread finished: スレッドグループ 1-23 
2013/05/21 14:45:25 INFO  - jmeter.threads.JMeterThread: Thread started: スレッドグループ 1-24 
2013/05/21 14:45:25 INFO  - jmeter.threads.JMeterThread: Thread finished: スレッドグループ 1-24 
2013/05/21 14:45:25 INFO  - jmeter.threads.JMeterThread: Thread started: スレッドグループ 1-25 
2013/05/21 14:45:25 INFO  - jmeter.threads.JMeterThread: Thread finished: スレッドグループ 1-25 
2013/05/21 14:45:25 INFO  - jmeter.threads.JMeterThread: Thread started: スレッドグループ 1-26 
2013/05/21 14:45:25 INFO  - jmeter.threads.JMeterThread: Thread finished: スレッドグループ 1-26 
2013/05/21 14:45:25 INFO  - jmeter.threads.JMeterThread: Thread started: スレッドグループ 1-27 
2013/05/21 14:45:25 INFO  - jmeter.threads.JMeterThread: Thread finished: スレッドグループ 1-27 
2013/05/21 14:45:25 INFO  - jmeter.threads.JMeterThread: Thread started: スレッドグループ 1-28 
2013/05/21 14:45:26 INFO  - jmeter.threads.JMeterThread: Thread finished: スレッドグループ 1-28 
2013/05/21 14:45:26 INFO  - jmeter.threads.JMeterThread: Thread started: スレッドグループ 1-29 
2013/05/21 14:45:26 INFO  - jmeter.threads.JMeterThread: Thread finished: スレッドグループ 1-29 
2013/05/21 14:45:26 INFO  - jmeter.threads.JMeterThread: Thread started: スレッドグループ 1-30 
2013/05/21 14:45:26 INFO  - jmeter.threads.JMeterThread: Thread finished: スレッドグループ 1-30 
2013/05/21 14:45:26 INFO  - jmeter.threads.JMeterThread: Thread started: スレッドグループ 1-31 
2013/05/21 14:45:26 INFO  - jmeter.threads.JMeterThread: Thread finished: スレッドグループ 1-31 
2013/05/21 14:45:26 INFO  - jmeter.threads.JMeterThread: Thread started: スレッドグループ 1-32 
2013/05/21 14:45:26 INFO  - jmeter.threads.JMeterThread: Thread finished: スレッドグループ 1-32 
2013/05/21 14:45:26 INFO  - jmeter.threads.JMeterThread: Thread started: スレッドグループ 1-33 
2013/05/21 14:45:27 INFO  - jmeter.threads.JMeterThread: Thread finished: スレッドグループ 1-33 
2013/05/21 14:45:27 INFO  - jmeter.threads.JMeterThread: Thread started: スレッドグループ 1-34 
2013/05/21 14:45:27 INFO  - jmeter.threads.JMeterThread: Thread finished: スレッドグループ 1-34 
2013/05/21 14:45:27 INFO  - jmeter.threads.JMeterThread: Thread started: スレッドグループ 1-35 
2013/05/21 14:45:27 INFO  - jmeter.threads.JMeterThread: Thread finished: スレッドグループ 1-35 
2013/05/21 14:45:27 INFO  - jmeter.threads.JMeterThread: Thread started: スレッドグループ 1-36 
2013/05/21 14:45:27 INFO  - jmeter.threads.JMeterThread: Thread finished: スレッドグループ 1-36 
2013/05/21 14:45:27 INFO  - jmeter.threads.JMeterThread: Thread started: スレッドグループ 1-37 
2013/05/21 14:45:27 INFO  - jmeter.threads.JMeterThread: Thread finished: スレッドグループ 1-37 
2013/05/21 14:45:27 INFO  - jmeter.threads.JMeterThread: Thread started: スレッドグループ 1-38 
2013/05/21 14:45:28 INFO  - jmeter.threads.JMeterThread: Thread finished: スレッドグループ 1-38 
2013/05/21 14:45:28 INFO  - jmeter.threads.JMeterThread: Thread started: スレッドグループ 1-39 
2013/05/21 14:45:28 INFO  - jmeter.threads.JMeterThread: Thread finished: スレッドグループ 1-39 
2013/05/21 14:45:28 INFO  - jmeter.threads.JMeterThread: Thread started: スレッドグループ 1-40 
2013/05/21 14:45:28 INFO  - jmeter.threads.JMeterThread: Thread finished: スレッドグループ 1-40 
2013/05/21 14:45:28 INFO  - jmeter.threads.JMeterThread: Thread started: スレッドグループ 1-41 
2013/05/21 14:45:28 INFO  - jmeter.threads.JMeterThread: Thread finished: スレッドグループ 1-41 
2013/05/21 14:45:28 INFO  - jmeter.threads.JMeterThread: Thread started: スレッドグループ 1-43 
2013/05/21 14:45:28 INFO  - jmeter.threads.JMeterThread: Thread started: スレッドグループ 1-42 
2013/05/21 14:45:29 INFO  - jmeter.threads.JMeterThread: Thread started: スレッドグループ 1-44 
2013/05/21 14:45:29 INFO  - jmeter.threads.JMeterThread: Thread finished: スレッドグループ 1-42 
2013/05/21 14:45:29 INFO  - jmeter.threads.JMeterThread: Thread finished: スレッドグループ 1-43 
2013/05/21 14:45:29 INFO  - jmeter.threads.JMeterThread: Thread finished: スレッドグループ 1-44 
2013/05/21 14:45:29 INFO  - jmeter.threads.JMeterThread: Thread started: スレッドグループ 1-45 
2013/05/21 14:45:29 INFO  - jmeter.threads.JMeterThread: Thread finished: スレッドグループ 1-45 
2013/05/21 14:45:29 INFO  - jmeter.threads.JMeterThread: Thread started: スレッドグループ 1-46 
2013/05/21 14:45:29 INFO  - jmeter.threads.JMeterThread: Thread finished: スレッドグループ 1-46 
2013/05/21 14:45:29 INFO  - jmeter.threads.JMeterThread: Thread started: スレッドグループ 1-47 
2013/05/21 14:45:29 INFO  - jmeter.threads.JMeterThread: Thread finished: スレッドグループ 1-47 
2013/05/21 14:45:29 INFO  - jmeter.threads.JMeterThread: Thread started: スレッドグループ 1-48 
2013/05/21 14:45:30 INFO  - jmeter.threads.JMeterThread: Thread finished: スレッドグループ 1-48 
2013/05/21 14:45:30 INFO  - jmeter.threads.JMeterThread: Thread started: スレッドグループ 1-49 
2013/05/21 14:45:30 INFO  - jmeter.threads.JMeterThread: Thread finished: スレッドグループ 1-49 
2013/05/21 14:45:30 INFO  - jmeter.threads.JMeterThread: Thread started: スレッドグループ 1-50 
2013/05/21 14:45:30 INFO  - jmeter.threads.JMeterThread: Thread finished: スレッドグループ 1-50 
2013/05/21 14:45:30 INFO  - jmeter.engine.StandardJMeterEngine: Notifying test listeners of end of test 
2013/05/21 14:45:30 INFO  - jmeter.gui.util.JMeterMenuBar: setRunning(false,*local*) 
